
> cashio-ui@1.68.0 build
> vite build

vite v6.2.3 building for production...
transforming...
✓ 3867 modules transformed.
rendering chunks...
computing gzip size...
dist/index.html                                            0.41 kB │ gzip:   0.28 kB
dist/assets/CreateTransactionModal-agoxPcWL.css           21.68 kB │ gzip:   3.05 kB
dist/assets/chevron-down-CTsCgpDH.js                       0.30 kB │ gzip:   0.25 kB
dist/assets/chevron-right-CKYCOsaJ.js                      0.30 kB │ gzip:   0.25 kB
dist/assets/plus-K5bxlPHE.js                               0.32 kB │ gzip:   0.25 kB
dist/assets/badge-CCnmhE0y.js                              0.34 kB │ gzip:   0.26 kB
dist/assets/trending-up-Dk3ECCPe.js                        0.35 kB │ gzip:   0.28 kB
dist/assets/trending-down-C51ngTCc.js                      0.35 kB │ gzip:   0.28 kB
dist/assets/BarChart-Bqt2fkWN.js                           0.35 kB │ gzip:   0.25 kB
dist/assets/input-DKuKeAwh.js                              0.36 kB │ gzip:   0.27 kB
dist/assets/user-BsWM_dBs.js                               0.36 kB │ gzip:   0.28 kB
dist/assets/clsx-B-dksMZM.js                               0.37 kB │ gzip:   0.24 kB
dist/assets/textarea-B7_Es1Jc.js                           0.39 kB │ gzip:   0.28 kB
dist/assets/arrow-right-left-3DmV-M7I.js                   0.42 kB │ gzip:   0.30 kB
dist/assets/calendar-zR23UJ5n.js                           0.43 kB │ gzip:   0.31 kB
dist/assets/book-text-C5rQY7da.js                          0.44 kB │ gzip:   0.31 kB
dist/assets/grid-item-Cfz2Oho9.js                          0.46 kB │ gzip:   0.31 kB
dist/assets/grid-0bzZAoXO.js                               0.49 kB │ gzip:   0.29 kB
dist/assets/refresh-cw-DUUGc7gc.js                         0.49 kB │ gzip:   0.33 kB
dist/assets/utils-qIcoMdLL.js                              0.53 kB │ gzip:   0.36 kB
dist/assets/simple-grid-C9LOGACC.js                        0.62 kB │ gzip:   0.41 kB
dist/assets/card-body-DkKbzKne.js                          0.62 kB │ gzip:   0.37 kB
dist/assets/chart-no-axes-column-BsV62wgR.js               0.71 kB │ gzip:   0.45 kB
dist/assets/mail-DzZczKgY.js                               0.71 kB │ gzip:   0.38 kB
dist/assets/form-label-Biw0_Y8i.js                         0.83 kB │ gzip:   0.46 kB
dist/assets/stat-number-KWWrNKp5.js                        0.94 kB │ gzip:   0.49 kB
dist/assets/use-toast-D-soK4nn.js                          0.95 kB │ gzip:   0.48 kB
dist/assets/scale-fade-DcbjZQRB.js                         1.04 kB │ gzip:   0.54 kB
dist/assets/input-group--81WyhDF.js                        1.16 kB │ gzip:   0.67 kB
dist/assets/form-error-C7EFu4qR.js                         1.25 kB │ gzip:   0.71 kB
dist/assets/save-Dbl_lEkC.js                               1.29 kB │ gzip:   0.62 kB
dist/assets/PageHeader-5JiyMyRM.js                         1.34 kB │ gzip:   0.69 kB
dist/assets/tag-CiFRfm_a.js                                1.39 kB │ gzip:   0.70 kB
dist/assets/collapse-D3fkuM-R.js                           1.56 kB │ gzip:   0.73 kB
dist/assets/select-CbzFvCKR.js                             1.81 kB │ gzip:   1.00 kB
dist/assets/file-text-CgC7TQ2h.js                          1.86 kB │ gzip:   1.02 kB
dist/assets/eye-BtW7R7-P.js                                1.99 kB │ gzip:   0.87 kB
dist/assets/api-CWOmsmyc.js                                2.33 kB │ gzip:   0.87 kB
dist/assets/checkbox-DmdwSkX0.js                           2.57 kB │ gzip:   1.22 kB
dist/assets/modal-footer-CVymNcQX.js                       2.70 kB │ gzip:   1.13 kB
dist/assets/Polygon-Dm3i3P5c.js                            2.89 kB │ gzip:   1.29 kB
dist/assets/useMutation-BwguYXBg.js                        2.90 kB │ gzip:   1.24 kB
dist/assets/use-form-control-B06RwJkx.js                   2.96 kB │ gzip:   1.26 kB
dist/assets/store-BcMa1yOr.js                              3.39 kB │ gzip:   1.50 kB
dist/assets/FormTags-C59lucrt.js                           4.00 kB │ gzip:   2.05 kB
dist/assets/MutualFundsYearlyInvestments-CWNgyaZz.js       4.67 kB │ gzip:   2.06 kB
dist/assets/MutualFundsCorpus-BQAS1thR.js                  5.64 kB │ gzip:   2.45 kB
dist/assets/Login-8uqp3n4C.js                              5.90 kB │ gzip:   2.48 kB
dist/assets/ExpenseByLocation-B6bZbdaH.js                  6.01 kB │ gzip:   2.58 kB
dist/assets/Home-BhtYcRkw.js                               6.01 kB │ gzip:   2.42 kB
dist/assets/MutualFundsAllocation-C7AkJzwc.js              6.08 kB │ gzip:   2.54 kB
dist/assets/ExpenseByStore-Cm-pkmJ-.js                     6.16 kB │ gzip:   2.64 kB
dist/assets/IncomeExpenseTrend-C2M8skTR.js                 6.16 kB │ gzip:   2.54 kB
dist/assets/circle-check-big-DS24BR1f.js                   6.24 kB │ gzip:   2.65 kB
dist/assets/Insights-DiKzSBqs.js                           6.86 kB │ gzip:   2.47 kB
dist/assets/CreateLedgerModal-BgKgSJ_I.js                  6.94 kB │ gzip:   2.33 kB
dist/assets/TagTrend-CrK-K3hh.js                           7.98 kB │ gzip:   2.81 kB
dist/assets/MutualFundsAssetClassAllocation-BcWzLFl7.js    8.08 kB │ gzip:   3.11 kB
dist/assets/CategoryTrend-LWJNAv-7.js                      8.54 kB │ gzip:   3.24 kB
dist/assets/tab-list-Dq4haxHw.js                           9.88 kB │ gzip:   3.84 kB
dist/assets/Register-C9gUAZ_d.js                          10.67 kB │ gzip:   3.92 kB
dist/assets/AreaChart-BzzvBf7N.js                         11.09 kB │ gzip:   4.13 kB
dist/assets/EditTransactionModal-Bx45wx8i.js              11.64 kB │ gzip:   4.03 kB
dist/assets/TransferFundsModal-DcljRQ2L.js                11.72 kB │ gzip:   3.58 kB
dist/assets/Categories-I97Sj49J.js                        12.79 kB │ gzip:   4.18 kB
dist/assets/Account-DNiLHwXS.js                           19.28 kB │ gzip:   5.51 kB
dist/assets/PieChart-Dhitfsh8.js                          23.39 kB │ gzip:   6.33 kB
dist/assets/YAxis-89d9cFxN.js                             24.40 kB │ gzip:   6.29 kB
dist/assets/CurrentMonthOverview-B2YxaLDo.js              27.70 kB │ gzip:  10.08 kB
dist/assets/api-BQk5AQ98.js                               44.00 kB │ gzip:  17.27 kB
dist/assets/Profile-DmWUK7jP.js                           49.05 kB │ gzip:  15.84 kB
dist/assets/PageContainer-ClUtuqSR.js                    101.49 kB │ gzip:  34.60 kB
dist/assets/generateCategoricalChart-Dffa6-n0.js         146.50 kB │ gzip:  36.14 kB
dist/assets/_baseAssignValue-D_-cMt2a.js                 214.00 kB │ gzip:  66.93 kB
dist/assets/CreateTransactionModal-nMos6rv0.js           248.71 kB │ gzip:  64.22 kB
dist/assets/Ledger-BEcGw5Pw.js                           248.79 kB │ gzip:  48.89 kB
dist/assets/index-DY3l8a9z.js                            525.72 kB │ gzip: 171.34 kB

(!) Some chunks are larger than 500 kB after minification. Consider:
- Using dynamic import() to code-split the application
- Use build.rollupOptions.output.manualChunks to improve chunking: https://rollupjs.org/configuration-options/#output-manualchunks
- Adjust chunk size limit for this warning via build.chunkSizeWarningLimit.
✓ built in 2.25s
